O O O Y Y Y R R R Y Y Y G G G B Y O
W W W O O O R R R B B B G G G B Y O
B B B W W W R R R W W W G G G B Y O
===================================
W G R Y B G B R G B O W O R B R W R
G W B G O R G R R Y B B O G O Y Y B
G W R Y Y Y W W O G O W O Y B Y W O
===================================
O B O G W B Y W Y B O B W G G Y B Y
R W R Y O O W R G B B W Y G G Y Y B
G G R O O O W Y R R O B W R W R R G
===================================
G B B W G R O W G O B B O R B Y Y R
R W W R O Y R R B Y B O G G O G Y W
W B R W O B G Y W Y O R G W O Y G Y
===================================
R G W O O B W B W O Y W Y R B G B G
B W Y G O W G R R R B Y O G W R Y O
G W O R G R Y O B O Y Y G W R Y B B
===================================
B O G B O B O R R W W G G W W B B W
B W R Y O O G R Y Y B R W G O Y Y G
O B G Y W O R B O Y G R W R R Y G Y
===================================
R Y W G G W Y W G Y O O W G R O B Y
R W R O O B O R Y W B R B G R Y Y G
R W B R G B O Y G B O W B B G O W Y
===================================
B B G Y O O Y Y W O R R R Y O G G Y
R W W G O R Y R W O B B Y G B W Y O
G R B R O B Y W O W G W B G R W B G
===================================
Y W O W O G O Y O R W G O B B R B B
W W G W O B O R R R B G O G O R Y Y
Y Y G Y G W B B W R R W R G B Y Y G
===================================
Y R B R W G O G B O Y O B Y W G Y W
G W B R O G G R O O B O W G B W Y R
G W Y R B R Y B R G R B W O O W Y Y
===================================
B B O W O W B W O G B G G Y R W G B
W W R O O G W R G R B O G G B Y Y Y
Y B R Y O Y O R W Y R B R Y G O W R
===================================
G O O G B B R G B G R B B B R O B R
Y W G W O Y Y R Y O B G W G R W Y B
Y G O Y O R O O W W R W W W Y G R Y
===================================
