300000 = 7 + 299993
6 = 3 + 3
8 = 3 + 5
10 = 3 + 7
12 = 5 + 7
14 = 3 + 11
16 = 3 + 13
18 = 5 + 13
20 = 3 + 17
22 = 3 + 19
30 = 7 + 23
34 = 3 + 31
56 = 3 + 53
76 = 3 + 73
78 = 5 + 73
80 = 7 + 73
100 = 3 + 97
910 = 3 + 907
912 = 5 + 907
1100 = 3 + 1097
1234 = 3 + 1231
3456 = 7 + 3449
78912 = 11 + 78901
300000 = 7 + 299993
499998 = 19 + 499979
500000 = 31 + 499969
999996 = 13 + 999983
999998 = 19 + 999979
1000000 = 17 + 999983
344 = 7 + 337
564 = 7 + 557
1108 = 5 + 1103
1732 = 11 + 1721
2468 = 31 + 2437
2824 = 5 + 2819
6604 = 5 + 6599
8914 = 47 + 8867
2658 = 11 + 2647
