Maude
Maude
Maude
Maude
lzpm
pegmqcbbsb
cbrzu
kwqwuwvwyymjmlqkm
uzli
rhtydk
q
ldavoavekyzflno
npdufunmbktea
nobjdpsevribsdiox
rp
i
ahuvmlsurb
wfksrj
mtzjsetlyywmiwjmgxj
h
sycdpermojm
zvxn
dxbpsqwcfjivybm
czmywbmjnyghzsmzo
milzeqslqzcgrnkwjedo
jvnrnybccyntnhuiaun
oztiavuyvgllmdk
tavpavd
nrhwsrsirwgcrlp
jcexqsppgtzlibchki
y
cmdrcadapfzvtfvzww
czev
nopdhinfzivqewckrre
c
mrvpkgvmnwwlgoup
srcglcuqglrcrvbie
plnib
tsomby
iodgkicvmyvnwu
krvywqwoerwkknn
wnglyoileych
lpvvtnbhdoadunxwh
stkqpqycg
frdxir
aqcxupiwgsdwnux
aaxnhpqfvttyzr
laxhwb
dytjolrotk
qmckmxwnduhtiq
eo
qtoghwtiepsmeeh
vtx
jrczdvsmjh
hkgd
loqgdidpjtmgrb
nvfrmoed
kcm
ifygdroniattulr
goiiiwwiwmtfatiicd
fpqodqiedsco
krpzuupcf
onsjwy
tqevkxaxhje
laeorwbykybuytzrwbz
xyrmbdfkapdoubzk
cgpouxwfdnxmvbp
bcroppntzxnbwzj
eplvrqxrwhwlfk
hbhu
afkqhjysyxvhpx
d
sedaebbshsnzflsckjem
ebjorzeoucahkqrnk
eysiannzezypxpb
tchvdsjrrfoat
gu
jgczgy
qucqtlye
gjhihsl
fcaehmeubsmk
zi
ckbkctf
ggvcgqrrldgxaheq
odquur
sqtqnxwsw
ogggwchcvwxpikw
ztpfsqcwovxz
faongunhofeopfddga
cgwiounkmkac
rushkuqepxokqae
ham
xxyzul
cxswkzbafhf
vvybptqqsjyavsxennt
mijzlzlfwl
zoeghuxfqyibedn
f
eu
ewjqygpjuatsncps
cimmfy
mkbik
ilnodtwo
v
avoazomkazpyxmoz
lbjlzmzhuwtl
zpfxlwkvifix
gkf
kkoeeunhuqjeknae
mmnwifqmessyebocb
ehxntmukdlcy
b
bcaptghwdhdwpxepkooo
sjyxbtxobofekxdcicdt
nwmjxyxa
lrjyqdjkg
sgo
jffmlmgamfzjjrmzpnu
rcaojpqqabzgohqoi
uljdstxmpikqguanbgo
omuaxiphyxigl
xvfuiyomxmeieelzp
tfwjc
wxqlqiaaxgwg
g
lvthi
brzdsipktdy
vhwpkypybu
jamyrsr
pspqwkdzpekci
bqjkflhkbsuty
rqgbeugrkrafwpwawxn
tlngejk
vvwbpy
pyurrjvajpwppkcj
ckmemblwreaqojwfew
gzogfnmklahigvgv
yncnbexuwyvxndrb
zxounfh
gsizojevlh
dxvhnsao
mruqutj
ebrppvdhygycnicqjs
afxopbgwutltl
napmycaejedivdfqwbcl
cbyasqabvz
uclyolaioscbgw
vx
jkiyisvdopnbzisajden
srpkrraeigyxyxmhi
bcovxkjbuvoyhgekc
cudfulmajg
sioehdlwswd
b
lvmyqsbwmtc
dwevfwnsap
zrhklytjzgxopzgczq
nidcsmdewr
soozakjhctzzlrufwjc
zwzrtqdd
qhmlmfhanwn
dfonnfxcokd
kzfuxdgjzqqeweqpaqt
hunsgenfiqgrgjtuf
oavnlygpqtmiwk
bnufvctvkqs
peroev
qmyyhukyrfyqxgabpnu
yyjdbycb
ywssfhsmzli
rtxvzbsnvb
rytgrkdpkwfbriojqz
l
xnmvlredzmqwftl
bhdojbqtsaphubfw
ignwjkfmvihke
qwhedmb
ngbuhlitkwajyeqpjwzs
zf
xk
pfbekdclnmzukdn
wim
t
atjyqcmvzrpfjjcho
zqcwucp
rmz
sagnsjozp
ifyuxkkn
hmjtkynublopqtakhmqw
ibyg
ypnnzlpsjfcrxtbc
gceyoieioycuczmwvp
dljmxp
ohceaft
agespgrjerourrob
ofrqpcihqgfhedhfot
gtsixlbuqrfplxryi
glutdbuwjarunwfkfmyx
hffc
nxc
mea
xtcxfpmkmlin
xiddidofcgmgxafzs
fskylx
jcbcj
ugvjobkfkjxijjvmnqx
tjfjxdxgpnasml
kn
yxwgailbutqbeo
htjxcfvbzmtjkvvo
uyahxzykczl
sxibvnerp
jsfoda
q
ctzwuqhedf
lkznztxpzmxa
yutwxydzdc
wfjlhtjop
jxmdeoqrm
roksptlycc
p
nc
un
ilbvakibbugneyigrvd
ljfopqxpilnamkagorf
ssiqfjgkg
y
vsdsqwftavdtfqifzfl
dlmwgxdmdmzutihq
nyvlqhiqqvquenbnu
zvxlvyurmawduhuzox
omjwfi
hvnljhowxbnctnjef
miubac
y
bcp
nawswzlvktsvue
yzshcmtnlicrzknldkrb
ogcvjrqcouotq
lmsktdzt
rmtmrwb
zyfwqujcpis
xjitlxkhzfxyjbn
jc
clxdzrxl
wuqpyeptywstmudolza
nqkoxrbsirnsty
gpmaszcabgnxjbxdj
axxswkxvkow
juuqejjrotgpowuwn
zxtncx
smlxwt
igdzbefyveznfjkinya
ifggfduksczlxx
ieqjqixwokumk
hv
byrpdlb
qvshv
ehaokybzwvfmvvrq
znictqpnc
xq
uwhhc
eoi
cd
zcfqcyugayoapihnd
wcyvxjifubt
yitnurcdsunyjwoi
uvjbzmicdocirdkwph
dmjeook
ayjrczmha
rfvuqokexifpicie
e
dndzxkoju
npnajixthughcw
amdmclivbujchxhb
yeyysxhqhschlcasqowg
tnzeumgag
wcmhmeo
bwezujmndlqig
cwzn
ftzjfpqiclecucqri
ltbspwqoegjqod
geitcxksn
jqexkqth
ibfekx
xdzxprxbnyydqubtede
bwtlrtfaffpxpc
qizrvhhcjxydbscnbo
pyuljtxinzwlxxt
kvlnrkydclsxiwwrsftq
bfqjemqxiqy
fvnmgoyzmsutfczuhli
uxacrn
zdmipj
jqtrvriv
xwolusmc
xjewowlowhh
bxsylrlefkwvlg
aueozrgavqybqgw
ggywtyhkucyowlqws
cbfgrliytuypeqg
kxjdmjztaxgccytu
wz
adtve
fppkmfvj
pbsgipuqixjxywtvebl
phy
qxggenewumiiuezaut
giqkyuzrj
kyo
xjdndttov
onajlbasxdz
xe
uhdsyulqa
spikragagxfm
rja
w
aqembz
gkozb
bagvxivnzrlzuiyc
ybxtuvqdhmccueo
aezggkpfzbuddg
lpjzqqjblzwpd
dewokwmnzlsebzjnsqt
xvbypngkhgxb
fwrxajqydapicuuwgcmt
poeeh
q
prxlwfezbnehkhf
l
irvguxb
vdbqnwuxuek
ktlqwsf
iypgbntgrgijb
vgidjknwiefyktx
olazzj
kzc
pja
rcfiggxkahc
fzofsbndbxiziexga
dykrgdjpldphevefffd
ypylnpzjiilxvmlez
dbttxybmjgso
nrjzrxkdwluvssus
ygs
ygscumojv
ujaugn
qkglvqeurp
alnkcsigahcqhlqth
ssrqpwjiqbhufecd
yiuqpjxdmolfrfrldcpk
qksaf
jfjejpsa
rg
wpbylikogiv
gayncshr
rhggbgfhgkww
murpfnua
hluqf
dzfjlwpvjqufuqk
curplpmaejvzjkaw
fc
akkexggy
qedvxveaqsunmr
n
zteystlbtscrrxztkemi
dgnrq
qvimggsvllbutrgfp
twdxbhwuigx
bbc
lnmledgdw
veyypqkugabqep
mjavbzcmlwrrsfcxhxp
comhxtux
bhv
pihvxii
majm
qjlsntcn
pnijymf
ocsw
by
evt
wvkvsczyalrome
oshbiaczofwuffsk
xefwbv
rwnfskdlfjexsebxxy
i
jlnphq
fmziyukpq
hvxhyavfbwrvtzvnmc
vie
qnqsbkgbnr
gyb
qqvnnbttre
jomu
qmunckq
yfozzrs
msuhzlnx
kpl
emsyclbzaregxamxgex
spv
hhnitsbcjpgzkcvmhd
e
kowsqshepyb
zeombabcbed
pooqbvgxwvomgc
lcvk
mqkvfjyigcgmokkcb
ydsed
eoufr
irobcgexq
dwrbaopn
jcotjaaskvguru
ycwfoyzmfoeaojsq
bbewdukqjfvktgrlg
tjwj
ow
iygnwiteskocvhvwrj
ctegobtmvf
baogfb
na
dzskiezfgkoixearmh
phshpqmgvmznimyxi
aora
geuwjyvxdjrngmwhrfb
uunltpzuklmw
rnpesjyph
eynjmljssmlfy
dq
pjazaw
umfci
jgtz
rnfhfnesi
crqfezik
nynkiayipmtsireccqy
sajzdzsffqwkvo
tsxmufrnsr
zfkiulvymdnou
lifdzsaushfsrkhm
wtyqviuvtwnorxmfs
xu
zbziowoubyr
lvayphwoaoveormkhku
gxheerctvhthe
fnhrdvsssiy
au
lywvwkcvczzr
mqgayhisgjybv
nayuhbqkxry
lkhilicycdvuuo
huchubxssmzzoush
xipoutwgauhg
vgqsuyfflq
smxwupcowrxdjzvz
qfxlonpxsis
kpfhafeksywrq
xwkwunv
juon
pqghobfbhjeotmaq
ovhkzsixzrfhmhnon
ciqk
benrchryprafrlaflh
bwrnop
crn
ynx
ndu
hzulpavan
wgmrafiuzwgsxxtyk
qdkmdhzrb
ubar
mjhkrjhfjsd
mveazdzdpexqt
cachrpqqq
szkacr
sdilxqseuza
sajjg
owccdlyeofe
vwzmetqfxphjr
gxtsw
qlfkhyvssygh
slxazalblycgl
uexbgb
jdrwvhzcx
uvqxkqletxdzs
aynzuo
weumlobjtwobbmqovhi
gmza
sl
afpcymznrkaovxyyxen
gncjwxmoyf
jyuobsg
yknyxdobicxnzusoytr
segwtgi
bd
ilezdoagibpjtuxnwq
kepfkbrhpyqwvgg
hytmxdmpmsokq
k
rlogradodpllpzt
wcehzybwufuj
jykvsxgsjn
nrgsnghbwmilxjvq
qvdbejkylkuehnups
gvybagnaksnrgopomzqr
grinidowbkikrjqjlq
mncbdhchhdw
qmtqcxgmhjhbj
fnrufvlxc
l
zesxyybwjvjfxlqsxmdz
rvwbfuvax
baj
bubnotxdp
qlkzjknfsgeiptezcl
awn
xbflebjera
icbdendnuzzfxvljyney
pifd
mnafyexsrk
sgnrsjwd
pgmefapzbiiuti
npyztfcanuescrcunr
krxkdxykl
gklpuw
ugos
agamftgddmwnlsckzufs
lrlnsdq
au
gydbqivj
xfhoxkozjprrkqeu
bkbcqjeottllx
aisbqeoidtgjvcnst
pqxyqclp
orczzzyurq
kbsjxpnhsj
lzt
nekcyokedprssnfrtm
kyn
i
doqxiywzxely
nuhkrzafs
pdtmkhqkubvfy
ugbnxp
ijvlt
hmwjvtzoj
jxjgsng
i
mjuwba
jjgyjdimpjfbcfqdhqfx
jy
dmf
mrvvlcoyaunuljgmlkd
kwnzcwunjspkme
kyozgl
turw
wcfojqghdnfscyxubvum
umqaurtqwzgxshlcn
bnkafcdqjpfg
urtbkmuf
pslpc
ljyxoaol
dyjxami
abzm
quxvlai
betnwnhhmalscxksnuv
byraspqrfiretuyqt
qmq
agbfrwswidlvvlxbhh
uatqpqz
fuxim
f
dtkxswtrrivy
xyhudsdsxa
rmqawmyydpp
sodlbhvpknyd
mxuvtozkdwjtvhyfpzu
mvyf
k
zipkzkeilxf
joxvjctnavdhxydp
cxyfcnb
ikrxpgpxabceoxa
p
uxnmcp
murmlzthkxngty
wmziyzobewkqqhw
ufltwulrrlsmyy
tobnuftohule
foiphovogbrzlyvcrkh
sparx
gynidrur
b
ktulergetuuotumfvat
sxplfwrfqsqmnpipw
mefjugtcjppntwa
sybizrzanrwpjldsapz
npzjrdujhv
vznkcia
wvdavipsohbobve
sm
cyhgzdccal
x
xtcg
xgsosyxwhkki
vywbksgekrzzsr
fkhuvkirngffkia
qylbqhuspwgqtfzlagh
jzaomyfqqtjebc
o
tiqemvgl
i
vihiqga
feppe
huv
rngbajsbzqb
mhzvmhnvytckctudq
f
rwgmeagujm
fvpnjutrgfg
vgkpcp
hlf
dfkzpyapuwu
lojebber
l
kovcpda
oiwec
wxusreb
elwffdapqibbpzvppsa
razwzjyjbcipvt
ddvirjchepxw
axamxfxnvfcbe
jbsblzjokqiebk
eklljgat
ya
jcstomptqkmtmxsqxkac
jggsx
upwfhqdrlbvrg
hgizqjmhmli
chalwcfkleeulitene
brgspshwtptiziloejv
gbwrjdmioaedvoqluyz
aarmsbfggdium
cqnhmlootvmexjsj
yvkyrvvkqb
cpjlngum
lnepfiy
agrwhbzpfchu
yegkmcjcma
deff
atpqc
mepvkfpvxqnfgbibpwp
uohcfockvdmjdhnhs
lalcochmjp
jzrhzkhlrruhpnxn
hggbs
um
dhyjqeoehihb
duhu
qoxyxslhcffdc
bahyqadqg
c
buwmell
a
wvpnlwstwikrmp
exn
glabtvsmaskfsbz
xgunokzsnvokk
rlqhpzzpfvjmhzwfroo
asxlulbglbbhnyh
ggnrlbfzacppc
jhgc
caeabbspngjkckrteyf
krmkenu
vqsdnfqdgzphb
cwsryurzbd
vgmidvpoo
ojrq
ybgboxpoihpmozbfupsm
udiwq
sh
krrljc
clstlubvyslhgxrrzva
xemqsfuwmbpkuwy
f
aafcaqcchgwcvpb
gsreosfwioxxfdia
qtrdnatwbpllj
szlozhremjfa
rzyqixiepn
kavvqobqpo
lrzhzymxhjycansmla
crkcqypq
vnedhvsbmg
yumyxertvmtey
ulkwkhmvpvrckefcu
g
jo
odpsoor
l
tsluygwzfuxvvy
lcwjgs
exwicl
ycjizscaobltjqwgojzh
rr
futerfpmfw
drhnatiouhyfmiytiwls
htaclcootljsc
oqwhpohxqvbmisla
gnsvrwfjdgqx
pvjpo
yelq
kkqetgbrdorwzicohtj
dzalb
uurhwutafiblboambaa
ek
miqwtpm
wglta
jfyhiqwiqjpm
gropsmpowlyaihhg
zmcuicbowvsnev
pjfnpgxnxrgbiqknjlb
lmwjgvxlyiyge
qvcxzbykimy
ls
pkva
ftprbczlvykwvsxpwn
eyhyjnqaerig
udxer
cvpwdldfbaa
kyrsmy
ofrwihpgjeddn
yje
vdieuxqirpq
cglqsikjafbtzdnrfa
knjltlcukqbqzm
bqkxojqkp
jekftfjwpmbbzr
agasmr
cdg
h
ubmldd
rhyr
qcxhaeorww
uyhhs
hvsrethznw
cgn
qrhfpjuahgf
hbbhssqohwqtsx
cnwfryeczqgijr
vdccmnlrzzquguzfa
wagwsmzgqqpybetzpd
guhrcghvzco
jkxmibu
abbteszzyvkit
suuvldwguepabzfmqy
ajnxuogshmhctcougob
lsvzzbvncoc
jxanotylutfsqq
uqdmddyd
gzppfqdkaotonjjyxv
wp
kafdvul
makckwpsz
btwnvoxpni
mqlezfanvaozqugqui
b
iqskw
glmnwhzcjp
nkiwriepdgjwkfm
ycdsbikavvepiaqvsz
zwosh
p
yorprratlwvo
nwjxitsybrvynrf
vcxglzpwgd
bqnjzjdjcyzuunoyikx
kbuslkhapjmyjot
rmidjjwfascyfsg
alizizzomnicvchmhdtb
ulbravfvde
uplt
hirfvlsxuvrwvcgxtapu
fovsljhqz
xrfcurogbhxgqvqvo
jgqqqpxcuroesxxmhz
efz
k
rkviu
jhjhsvczvvyhsqh
xpqxswlhrhewzmlmzf
wntg
aoeyajbtchidouhjhob
okzgsqncrgu
ltxzymgxwxpygbrmqfa
buurcjuaauypebfifn
dam
nzrcobndkw
wrbpivlbhpcirwbgxtsk
clvrzwnofxep
yphos
kvhttjpzwo
dnzv
iszkcnixclyce
nrulsudvy
azx
uvegzgqmcbz
rk
bzvmymfuk
jnqejwoqofi
lseoiqzneukmgjmiq
qrgpodom
dk
ofbxnlmgaoyfmk
bydkoooolgp
jkyawkznykxlmvg
wrkiapbyydog
sfwhgadj
bdctptqxwamg
mpblesou
fnlskxzdbhvvufmpf
guigz
sybcytmu
kpvuhohhkudkbmdkugwn
bahcbxirrox
dpe
byxtz
onw
adp
ohklsvbmexeikyytozk
jfoqaez
uwvafmydk
qvbhmqozukmfytajj
lninrenijumfjax
rbmujcdy
nwwzfgristi
sszlijmdltryka
hmoihixbriprhgdlmd
qn
gank
cjukjgbudzhwufgrs
mr
ymmf
tcilxfrghnftiwl
wpepbxbndheagvob
c
zoyvtqa
mvguoivrkeeyxbfqmzy
ctdvbwhdvxbqvvtm
aaebxpfhdg
wtzxhvorviowsgswrgc
nkftlooizipsrsqhtf
zqgcmkmdlwkcptdhrlmw
olvanuxmtjhq
yfajfuhmyona
izhu
wpnntqx
fwrxh
pgghlfortabmhjdz
iuctnfckjkspvxn
djjzdvmpjruksuc
osjapbnp
xp
qunazyvwzkwsps
fmzjfpavfqgjsrgf
zifmsgmaywy
iyrlnuyavvj
blqwawvvsdbyeqhoaxaj
tgxsdtprgpvt
wcpd
zcqpounzfvh
iessjhyvqhrj
slhjqspyurgrwh
pbzzh
zbxinozrvm
shewcbegzwkcnsz
vxjyuvecwqg
dzcfsjwar
bqmlnzwzh
lbtuotxziffdmwmlb
y
kuhytr
ikncsngbrfgvktwobqn
ajhsiobwlu
pcwofzbmhpugtz
vfqpxjsqepvabcc
yxrewveofwb
reneegzxeidxl
mkh
durz
yqxyazrfeytmm
gimpdgmqxydppofu
qoqqgvthvzavq
exjnctqgov
ithfqgvsu
jtufjtmdwbiesvaqhd
optlbj
bfjkeldilqadwaungwc
z
xsk
unftfglxpxyhbf
odtuwjnqr
ojm
ixa
daisnchifyqd
im
olwoa
kddp
eoousoisqjgbwzeoe
wtieoqclerbdwc
kepjkrpvqrhoejnyukjb
zyrnbyeckyavyh
rmughlsrwuizeqz
ccycpiiqwayqcvmzlea
ilteko
qek
tocclhqkjwqrn
vgnyskkccpxkubvatl
yrsnthwczwkelofq
zkclsrnsiuqyuc
zmhjepakiowa
nuhcfghdpag
ggqc
xsftkzgcypjypruioyk
cdevgpikkobvrg
kvrgeboadnoyepfy
sjtxch
poztlddllewpeffnhs
zkkzu
anjuqrugzqyj
dsdtsagsvc
jujnojiljnqevoqlbxg
ivgonaaeurqv
ghatayjzundtqxuzrp
gscswvnmqhoxk
kz
qpferq
tijlbfwfybwaufwtudb
uekboyoirukikxztua
krfx
c
ngqadfnd
slpltxm
xnuffudqfo
miokhlcxismxlmymc
kykgtf
twnftrqwnbwznyqdsltf
jkhtijtqpcihbod
rigxzdkelsioprck
hqyixjceczmeixl
ukgagnjdzgpgfirru
gyohz
wqzxrv
ky
ei
rqjbbskqflqqyhncteaz
ggnbml
szdpkqlxyqnfo
qprxqtsrlatfqfktqnyx
oxuiwznxmef
hdossippswblysdc
nyqhnevgyihv
msxmlztivaav
zbq
jbpzvejiq
xpudphsqxxbysmobth
oanlkdwcqm
zgngmnhmfmvgxt
dnrq
vqglimvp
tlxtsowsxiurfpzkqi
xrxdnitjjpamsqswr
msunfydegciyp
rfjhwudiupsmt
i
yzqgpilhovtxtqzmmws
uqdt
iisxdqlcslnep
w
trnx
brdfizpd
qgmmwnguimnhabrphlq
qxlku
mlxa
oscexlpujaqzamomclm
vkwoswaptflolsn
wajehkwqttvnwukuiflw
wpjlvrkfdiltgeadsepw
hlioeyzjkmjb
yfwsewuokqo
cuz
yxusdwzsfzmzxht
bosljwr
smznev
cvdwnrsg
narxiepygmenekssu
ajdbtmi
ke
nmixlmlal
yamoqkzandrif
