1.000
0.321
0.015
0.005
1.000
0.100
1.000
0.200
1.000
0.427
0.167
0.500
1.000
0.500
0.325
0.354
0.375
0.062
0.205
0.201
0.124
0.333
0.375
0.461
0.458
0.143
0.319
0.500
0.192
0.213
0.833
0.375
0.333
0.161
0.275
0.533
0.104
0.250
0.667
0.333
0.293
0.167
0.262
0.230
0.250
0.143
0.450
0.212
0.089
0.143
0.361
0.164
0.143
0.300
0.333
0.124
1.000
0.344
0.328
0.233
0.221
0.321
0.200
0.533
0.086
0.384
0.400
0.471
0.358
0.304
0.500
1.000
0.400
0.288
0.348
0.093
0.699
0.166
0.159
0.153
0.392
0.229
0.131
0.500
0.192
0.500
0.124
0.333
0.323
0.267
0.480
0.287
0.267
0.225
0.245
0.254
0.286
0.064
0.400
0.500
0.125
0.368
0.107
0.160
0.250
0.137
0.300
0.200
0.218
0.300
0.214
0.214
0.367
0.333
0.525
0.395
0.500
0.188
0.137
0.166
0.100
0.257
0.516
0.250
0.108
0.333
0.111
0.100
0.291
0.343
0.143
0.245
0.333
0.147
0.396
0.104
0.384
0.250
0.332
0.431
0.154
0.108
0.361
0.343
0.413
0.333
0.289
0.611
1.000
0.214
0.375
0.210
0.229
0.350
0.667
0.251
0.333
0.500
0.500
0.403
0.200
0.261
0.525
0.480
0.400
0.483
1.000
0.230
0.217
0.500
0.525
0.250
0.500
0.250
0.250
0.262
0.213
0.387
0.172
1.000
0.250
0.243
0.170
0.089
0.250
0.591
0.392
0.100
0.350
0.354
0.250
1.000
0.342
0.195
0.108
0.425
0.119
0.250
0.044
0.200
0.239
0.138
0.333
0.333
0.125
1.000
0.217
0.204
0.167
0.173
0.120
0.262
0.200
0.173
0.250
0.354
0.216
0.250
0.500
0.667
0.137
0.210
0.308
0.067
0.522
0.256
0.300
0.384
0.500
1.000
0.215
0.167
0.299
0.229
0.200
0.217
0.203
0.215
0.276
0.240
0.460
0.641
0.550
0.293
0.156
0.190
0.286
0.483
0.155
0.171
0.275
0.578
0.243
0.077
0.250
0.458
0.214
0.186
0.155
0.478
0.116
0.367
0.108
0.250
0.160
0.062
0.500
0.500
0.500
0.150
0.414
0.358
0.181
0.290
0.276
0.204
0.333
0.186
0.392
0.330
0.357
0.387
0.451
0.243
0.320
0.213
0.200
0.350
0.185
1.000
0.125
0.283
0.167
0.240
0.521
0.140
0.387
0.625
0.125
0.500
0.495
0.333
0.120
0.120
0.250
0.240
0.271
0.167
0.522
0.086
0.200
0.167
0.090
0.333
0.167
0.455
0.233
0.208
0.229
0.350
0.157
0.243
0.104
0.218
0.575
0.103
0.417
0.254
0.242
0.379
0.368
1.000
0.200
0.667
0.173
0.387
0.333
0.107
0.240
0.250
0.241
0.425
0.167
0.350
0.103
0.286
0.467
0.333
0.685
0.167
0.214
0.241
0.155
0.386
0.240
0.077
0.750
0.107
0.256
0.120
0.407
0.378
0.090
0.137
0.300
0.217
0.183
0.048
0.275
0.348
0.275
0.258
0.400
0.068
0.083
0.500
0.250
0.173
0.256
0.344
0.130
0.646
0.451
0.375
0.131
0.200
0.477
0.200
0.266
0.167
0.187
0.153
0.380
0.143
0.150
0.103
0.500
1.000
0.501
0.096
0.167
1.000
0.072
0.120
0.267
0.200
0.192
0.199
0.167
0.143
0.400
0.250
0.250
0.430
0.350
0.179
0.086
0.239
0.100
0.245
0.160
0.200
0.400
0.128
0.143
0.183
0.134
0.333
0.354
0.500
0.333
0.153
0.333
0.544
0.209
0.375
0.119
0.253
0.333
0.094
0.200
0.478
0.286
0.500
0.422
0.299
0.667
0.321
0.273
0.250
0.143
0.330
0.167
0.143
0.240
0.275
0.200
0.250
0.107
0.408
0.496
0.500
0.119
0.167
0.086
0.072
0.333
0.250
0.207
0.108
0.551
0.217
0.533
0.200
0.425
0.125
0.408
0.086
0.120
0.250
0.250
0.500
0.150
0.935
0.143
0.200
0.087
0.108
0.100
0.143
0.682
1.000
0.108
0.157
0.156
0.408
0.320
0.125
0.116
0.266
0.108
0.086
0.230
0.750
0.120
0.183
0.048
0.224
0.261
0.143
0.217
0.167
1.000
0.427
0.098
0.250
0.232
0.139
0.500
0.398
0.333
0.190
0.159
0.125
0.286
0.250
0.125
0.144
0.500
0.089
0.500
0.359
0.430
0.554
0.213
0.333
0.333
0.250
0.060
0.167
0.333
0.233
0.597
0.308
0.217
0.200
0.251
0.400
0.184
0.367
0.074
0.361
0.143
0.300
0.333
0.200
0.611
0.242
0.267
0.276
0.425
0.086
0.250
0.171
0.250
0.200
0.102
0.083
0.146
0.163
0.200
0.389
0.090
0.120
0.483
0.194
0.221
0.153
0.488
0.425
0.245
0.141
0.456
0.742
0.150
0.500
0.286
0.254
0.414
0.044
0.319
0.157
0.578
0.159
0.344
0.107
0.395
0.214
0.186
0.083
0.077
0.387
0.120
0.230
0.167
0.214
0.333
0.413
0.551
0.253
0.167
0.333
0.333
0.250
0.094
0.500
0.333
0.305
0.493
0.320
0.325
0.200
0.367
0.200
0.365
0.240
0.667
0.321
0.467
0.741
0.256
0.200
0.100
0.081
0.250
0.250
0.200
0.200
0.107
0.367
0.500
0.154
0.375
0.357
0.167
0.233
0.347
0.167
0.434
0.533
0.083
0.130
0.348
0.125
1.000
0.098
0.224
0.192
0.500
0.478
0.750
0.267
0.233
0.478
0.173
0.200
0.326
0.412
0.494
0.130
0.368
0.576
0.124
0.167
0.200
0.521
0.197
0.207
0.200
0.256
1.000
0.378
0.321
0.500
0.164
0.130
0.351
0.167
0.142
0.249
0.250
0.333
1.000
0.400
0.396
0.192
0.333
0.217
0.180
0.356
0.104
0.262
0.375
1.000
0.667
0.177
0.250
0.283
0.061
0.333
0.124
0.444
0.250
0.250
0.314
0.243
0.143
0.362
0.321
0.108
0.205
0.196
0.326
0.333
1.000
0.375
0.169
0.324
0.452
0.261
0.254
0.125
0.244
0.645
0.500
1.000
0.199
0.200
0.390
0.103
0.130
0.183
0.574
0.125
0.500
0.321
0.192
0.143
0.518
0.416
0.234
0.125
0.205
0.304
0.128
0.275
0.207
0.459
0.251
0.207
0.359
0.833
0.320
0.500
0.354
0.500
0.200
0.167
0.240
0.200
0.153
1.000
0.333
0.200
0.511
0.212
0.200
0.250
0.646
0.400
0.478
0.328
0.254
0.539
0.429
0.150
0.520
0.200
0.875
0.500
0.333
0.309
0.516
0.303
0.086
0.262
0.130
0.108
0.333
0.231
0.120
0.268
1.000
0.556
0.833
0.578
0.143
0.143
0.333
0.143
0.333
0.200
0.164
0.618
0.313
0.400
0.120
0.185
0.120
0.200
0.667
0.361
0.500
0.500
0.516
0.300
0.076
0.181
0.309
0.333
0.154
0.103
0.200
0.143
0.833
0.393
0.167
0.167
0.167
0.250
0.150
0.461
0.077
0.271
0.400
0.240
0.261
0.398
0.250
1.000
0.200
0.333
0.293
0.300
0.577
0.300
0.096
0.089
0.319
0.659
0.206
0.150
0.275
0.116
0.250
0.200
0.039
0.488
0.200
0.125
0.254
0.103
0.400
0.333
0.262
0.217
0.083
0.367
0.333
0.170
0.245
0.250
0.385
0.354
0.363
0.353
0.167
0.242
0.200
0.333
0.300
1.000
0.120
0.333
0.250
1.000
0.217
0.200
0.338
0.134
0.171
0.126
0.074
0.265
0.722
0.250
0.108
0.262
0.045
0.299
0.108
0.420
0.333
0.143
0.067
0.215
0.525
0.192
0.368
0.304
1.000
0.275
0.247
0.218
0.390
0.273
0.340
0.143
0.221
0.150
0.450
0.147
0.217
0.333
0.200
0.100
0.222
0.400
1.000
0.192
0.500
0.295
0.245
0.450
0.685
1.000
0.250
0.809
0.153
0.167
1.000
0.249
0.540
0.354
0.285
0.078
0.299
0.556
0.311
0.125
0.100
0.333
1.000
0.275
0.292
0.143
0.500
0.373
0.167
0.107
0.250
0.205
0.159
0.500
0.047
0.597
0.167
0.200
0.357
1.000
0.250
0.257
1.000
0.143
0.200
0.576
0.150
0.528
0.205
0.200
0.334
0.153
0.143
0.073
0.314
0.500
0.329
0.504
0.381
0.375
0.440
0.260
0.249
0.500
0.214
0.667
0.283
0.293
0.239
0.378
0.333
0.150
0.400
0.522
0.292
0.153
0.260
0.525
0.286
0.248
0.143
0.083
0.185
0.332
0.074
0.500
0.260
0.422
0.134
0.375
0.250
0.611
0.174
0.367
0.299
0.271
0.267
0.578
0.284
0.450
0.250
0.200
0.073
0.200
0.083
0.271
0.305
0.500
0.375
0.458
0.521
0.217
0.200
0.313
0.405
0.173
0.205
0.500
0.077
1.000
0.156
0.577
0.140
0.500
0.234
0.198
0.431
0.104
0.333
0.216
0.333
0.183
0.115
0.286
0.286
0.104
0.375
0.178
0.200
0.333
0.387
0.250
1.000
1.000
0.216
0.167
0.120
0.153
0.167
0.325
0.163
0.100
0.270
0.167
0.329
0.120
0.144
0.400
0.214
0.220
0.373
0.667
0.200
0.100
0.167
0.500
0.125
0.392
0.266
0.090
0.500
0.267
0.200
0.422
0.280
0.250
0.400
0.300
0.408
0.250
0.525
0.265
0.354
0.175
0.147
0.165
0.125
0.300
0.333
0.083
0.291
0.200
0.354
0.188
0.333
0.164
0.086
0.250
0.333
0.146
0.291
0.433
1.000
0.434
0.202
0.333
1.000
0.576
0.320
0.150
0.047
0.254
0.493
0.239
0.234
0.719
0.249
1.000
0.430
0.340
0.298
0.288
0.248
0.283
0.199
0.234
0.385
0.200
0.177
0.387
0.179
0.107
0.481
0.323
1.000
0.384
0.125
0.400
0.387
0.500
0.367
0.422
0.516
0.500
0.326
0.143
0.250
0.320
0.250
0.100
0.157
0.261
0.325
0.200
0.086
0.833
0.200
0.833
0.491
0.292
0.375
0.077
0.500
0.236
0.256
0.320
0.423
0.333
0.230
0.611
0.260
0.240
0.150
0.200
0.137
1.000
0.266
0.250
0.254
0.400
0.159
0.216
0.592
0.214
0.175
0.162
0.223
0.276
0.157
0.116
0.333
0.250
0.500
0.178
0.137
0.344
0.321
0.191
0.300
0.300
0.250
0.322
0.200
0.427
0.359
0.408
0.147
0.100
0.387
0.249
0.500
0.300
1.000
0.500
0.203
0.478
0.521
0.516
0.212
0.326
0.083
0.275
0.229
0.200
0.308
0.333
0.433
0.667
0.220
0.500
0.241
0.400
0.300
0.192
0.416
0.257
0.250
0.231
0.219
0.239
0.459
0.200
0.344
0.500
0.361
0.297
0.172
0.577
0.066
0.142
0.500
0.275
0.157
0.167
0.205
0.165
0.500
0.125
0.200
0.150
0.405
0.345
0.146
0.143
0.171
0.355
0.267
0.334
0.611
0.456
0.083
0.500
0.300
0.341
0.221
0.333
0.143
0.333
0.250
0.250
0.207
0.244
0.500
0.408
0.143
0.125
0.556
0.479
0.143
0.167
0.384
0.104
0.150
0.100
0.100
0.750
0.344
0.150
0.086
0.167
0.263
0.286
0.124
0.400
0.086
0.533
0.344
0.143
0.186
0.500
0.333
0.275
0.125
0.500
0.425
0.107
0.216
0.300
0.333
0.150
0.161
0.077
0.200
0.313
0.250
0.452
1.000
0.375
0.426
0.529
0.958
0.375
0.405
0.500
0.500
0.258
1.000
0.343
0.375
0.375
0.408
0.194
0.181
0.400
0.333
0.500
0.833
0.333
0.199
0.299
0.249
0.167
0.333
0.250
0.267
0.487
0.500
0.250
0.074
0.406
0.178
0.143
0.287
0.062
0.118
0.500
0.300
0.833
0.173
0.332
0.434
0.750
0.517
0.212
0.422
0.107
0.330
0.150
0.066
0.167
0.152
0.320
0.253
0.123
0.449
0.128
0.500
0.153
0.144
0.333
0.178
0.333
0.381
0.304
0.286
0.185
0.250
0.333
0.500
0.295
0.256
0.250
0.224
0.333
0.500
0.164
0.333
0.163
0.305
0.100
1.000
0.321
0.418
0.239
0.282
0.199
0.444
0.167
0.255
0.375
0.200
0.454
0.100
0.140
0.240
0.202
0.125
0.400
0.385
0.375
0.286
0.434
0.234
0.176
0.192
0.283
0.333
0.167
0.275
0.550
0.206
0.400
0.366
0.334
0.167
0.250
0.275
0.525
0.200
0.692
0.200
0.150
0.400
0.104
0.229
0.143
0.378
0.167
0.250
0.120
0.125
0.354
0.250
0.240
0.304
0.224
0.327
0.289
0.248
0.292
0.200
0.167
0.361
0.157
0.511
0.286
0.202
0.320
0.122
0.375
0.214
0.241
0.104
0.164
0.340
0.208
0.400
0.087
0.151
0.088
0.162
1.000
0.125
0.230
0.400
0.143
0.229
0.500
0.333
0.367
0.086
0.124
0.112
0.322
0.120
0.300
0.385
0.500
0.250
0.500
0.143
0.222
0.333
0.529
0.100
0.300
0.354
0.296
0.143
0.268
0.250
0.214
0.143
0.250
0.200
0.142
0.153
0.167
0.142
0.200
0.425
0.083
0.419
0.500
0.358
0.500
0.125
0.260
0.120
0.500
0.075
0.522
0.275
0.228
0.363
0.398
0.362
0.150
0.422
0.124
0.500
0.299
0.220
0.256
1.000
0.500
0.122
0.330
0.305
0.200
0.137
0.125
0.186
0.218
0.522
0.344
1.000
0.291
0.320
0.230
0.353
0.362
0.177
0.333
0.229
0.143
0.201
0.177
0.375
0.387
0.406
0.369
0.381
0.139
0.125
0.500
0.175
0.313
0.357
0.286
0.143
0.124
0.250
0.086
0.333
0.413
0.448
0.533
0.119
0.287
0.292
0.171
0.500
0.500
0.400
0.400
0.200
0.125
0.250
0.382
0.062
1.000
0.500
0.125
0.113
0.313
0.200
0.100
0.075
0.333
0.130
0.240
0.179
0.153
0.300
0.200
0.086
0.155
0.125
0.500
0.281
0.667
0.667
0.870
0.120
0.085
0.319
0.200
0.158
0.241
0.188
0.350
0.310
0.167
0.500
1.000
0.120
0.299
0.200
0.500
0.245
0.053
0.833
0.143
0.333
0.250
1.000
0.333
0.103
0.256
0.200
0.143
0.500
0.600
0.200
0.172
0.321
0.333
0.299
1.000
0.225
0.204
0.200
0.358
0.375
1.000
0.344
0.667
0.200
0.296
0.356
0.151
0.422
0.200
0.500
0.250
0.270
0.500
0.143
0.252
0.165
0.229
0.083
0.500
0.425
0.087
0.200
0.230
0.200
0.500
0.261
0.088
0.112
0.500
0.285
0.458
0.200
0.183
0.220
0.333
0.143
0.337
0.243
0.100
0.152
0.344
0.313
0.200
0.394
0.240
0.692
0.200
0.200
0.217
0.104
0.286
0.153
0.270
0.326
0.250
0.250
0.458
0.364
0.165
0.280
0.062
0.317
0.083
1.000
0.223
0.200
0.400
0.167
0.392
0.398
0.521
0.281
0.250
0.423
0.271
0.250
0.209
0.233
0.704
0.387
0.239
0.319
0.331
0.250
0.157
0.326
0.189
0.167
1.000
0.290
0.086
0.333
0.385
0.265
1.000
0.375
0.344
0.045
0.134
0.224
1.000
0.250
1.000
0.216
0.200
0.271
0.086
1.000
0.576
0.120
0.107
0.167
0.268
0.276
0.232
0.130
0.453
0.250
0.116
0.217
0.075
0.200
0.143
0.271
0.250
0.167
0.291
0.255
0.236
1.000
1.000
0.143
0.500
0.200
0.422
0.120
0.392
0.333
0.334
0.179
0.667
0.340
0.173
0.333
0.500
0.430
0.167
0.143
0.181
0.086
0.250
0.144
0.333
0.425
0.392
0.500
0.061
0.667
0.218
0.142
0.137
0.116
0.200
0.305
0.167
0.500
0.299
0.750
0.078
0.500
0.500
0.327
0.233
0.517
0.094
0.103
0.159
0.290
0.331
0.167
0.250
0.250
0.500
0.450
0.262
0.309
0.516
1.000
0.267
0.387
0.213
0.500
0.084
0.333
0.249
0.533
0.305
0.229
0.319
0.348
0.354
0.500
0.125
0.667
0.250
0.338
0.108
0.500
0.286
0.200
0.250
0.090
0.396
0.250
0.284
0.141
0.433
0.691
0.340
0.478
0.359
0.133
0.250
0.131
0.250
0.333
0.667
0.192
0.380
0.375
0.347
0.160
0.200
0.417
0.250
0.750
0.197
0.200
0.354
0.206
0.333
0.086
0.333
0.673
0.167
0.330
0.150
0.155
0.275
0.257
0.252
0.304
0.262
0.239
0.150
0.125
0.143
0.087
0.214
0.100
0.500
1.000
0.254
0.408
0.320
0.167
0.451
0.144
0.510
0.150
0.333
0.104
0.167
0.083
0.333
0.443
0.375
0.248
0.267
0.375
0.200
0.167
0.375
0.250
0.250
0.306
0.667
0.103
0.413
0.682
0.195
0.120
0.458
0.135
0.333
0.217
0.375
0.305
0.165
0.200
0.326
0.600
0.250
1.000
0.106
0.333
0.266
0.600
0.533
0.167
0.375
0.395
0.358
0.418
0.039
0.077
0.450
0.216
1.000
0.108
0.153
0.408
0.333
0.500
0.550
0.296
0.333
0.155
0.500
0.299
0.120
0.125
0.333
0.167
0.451
0.189
0.362
0.130
0.120
0.160
0.200
0.450
0.229
0.400
0.344
0.345
0.220
0.224
0.375
0.121
0.100
0.120
0.072
0.120
0.248
0.250
0.389
0.066
0.361
0.141
0.224
0.276
0.369
0.268
0.261
0.487
0.305
0.350
1.000
0.157
0.093
0.239
0.304
0.493
0.500
0.333
0.375
0.283
0.217
0.667
0.072
0.134
0.150
0.288
0.750
0.283
0.500
0.250
0.164
0.090
0.200
0.332
0.232
0.083
1.000
0.107
0.093
0.128
0.667
0.197
0.500
0.400
0.667
0.250
0.250
0.250
0.249
1.000
0.333
1.000
0.250
0.117
0.373
0.292
0.200
0.326
0.379
0.200
0.299
0.319
0.338
1.000
0.167
0.167
0.250
0.333
0.083
0.306
0.312
0.333
0.262
0.214
0.183
0.125
0.354
0.330
0.333
0.100
0.479
0.667
0.409
0.500
0.304
0.500
0.167
0.150
0.294
0.167
0.167
0.217
0.103
0.163
0.125
0.333
0.077
0.430
0.284
0.167
0.275
0.150
0.174
0.167
0.107
0.240
0.429
0.533
0.452
0.160
0.444
0.108
0.358
0.185
0.207
0.255
0.107
0.206
0.321
0.120
0.408
0.292
0.167
0.586
0.094
0.344
0.200
0.500
0.150
0.143
0.167
0.206
0.170
0.326
0.333
0.516
0.255
0.500
0.163
0.143
0.160
0.329
0.225
0.250
0.215
0.487
0.250
0.125
0.100
0.525
0.280
0.130
0.182
0.250
0.229
0.275
0.200
0.300
0.500
0.107
0.533
0.611
0.500
0.809
0.190
0.332
0.100
0.294
0.198
0.125
0.266
0.249
0.125
0.143
0.200
0.333
0.325
0.265
0.228
0.286
0.326
0.266
0.271
0.167
0.266
0.333
0.150
0.333
0.250
0.150
0.500
0.218
1.000
0.136
0.667
0.385
0.125
0.478
0.200
0.450
0.594
0.395
0.120
0.093
0.375
0.400
0.200
0.167
0.333
0.271
0.451
0.399
0.086
0.103
0.359
0.220
0.250
0.125
0.077
0.183
0.500
0.167
0.111
0.667
0.214
0.167
0.256
0.091
0.400
0.305
0.250
0.185
0.167
0.294
0.164
0.500
0.500
0.400
0.229
0.500
0.200
0.258
0.232
0.500
0.417
0.491
0.417
0.094
0.143
0.243
0.417
0.143
0.108
1.000
0.467
0.833
0.107
0.286
1.000
0.600
0.250
0.475
0.350
0.516
0.222
0.200
0.167
0.333
0.144
0.267
0.167
0.230
0.116
0.124
0.200
0.300
0.320
0.500
0.425
0.500
0.200
0.143
0.268
0.333
0.167
0.200
0.525
0.222
0.090
0.250
0.271
0.493
1.000
0.250
0.240
0.201
0.227
0.375
0.333
0.068
0.300
0.500
0.179
0.250
0.250
0.200
0.261
0.144
0.130
0.250
0.103
0.500
0.556
0.286
0.292
0.200
0.187
0.271
0.267
0.232
0.354
0.156
0.230
0.200
0.322
0.400
0.217
0.166
0.320
0.143
0.224
0.451
0.300
0.133
0.116
0.265
0.570
0.221
0.333
0.381
0.200
0.375
0.158
0.275
0.193
0.200
1.000
0.333
0.320
0.156
0.417
0.321
0.214
0.143
0.425
0.143
0.241
0.153
0.348
0.430
0.214
0.167
0.333
0.209
1.000
0.201
0.250
0.143
0.200
0.333
0.371
0.217
0.500
0.173
0.320
0.260
0.200
0.833
0.212
0.182
0.230
0.089
0.167
0.200
0.167
0.150
0.167
0.298
0.230
0.350
0.300
0.200
0.275
0.467
0.125
0.355
0.106
0.143
0.128
0.330
0.199
0.256
0.375
0.192
0.167
0.528
0.266
0.268
0.150
0.234
0.266
0.222
0.100
0.362
0.750
0.154
0.145
0.375
0.096
1.000
0.333
0.489
0.250
0.250
0.155
0.500
0.500
0.153
0.286
0.143
0.083
0.458
0.237
0.185
0.344
0.206
0.250
0.167
0.367
0.333
0.285
0.125
0.333
0.500
0.120
0.167
0.185
0.250
0.200
0.344
0.089
0.250
0.143
1.000
0.300
0.394
0.230
0.241
0.061
0.107
0.400
0.110
0.358
0.167
0.258
0.100
0.451
0.190
0.166
0.167
0.517
0.667
0.143
0.380
0.125
0.170
0.183
0.153
0.271
0.107
0.112
0.066
0.616
0.332
0.200
0.467
0.463
0.833
1.000
0.134
0.173
0.108
0.120
0.183
0.350
0.254
0.398
0.087
0.240
0.361
0.093
0.200
1.000
0.094
0.167
0.501
0.125
0.160
0.092
0.300
0.074
0.500
0.151
0.124
0.175
0.121
0.212
0.241
0.433
0.252
0.308
0.239
0.267
0.217
0.333
0.299
0.333
0.054
0.500
0.422
0.158
0.239
0.120
0.251
0.444
0.249
0.449
0.249
1.000
0.066
0.083
0.280
0.354
0.504
0.217
0.277
0.222
0.153
0.173
0.167
0.061
0.133
0.401
0.500
0.625
0.500
0.081
0.183
0.103
0.137
0.100
0.382
0.197
0.125
0.208
0.210
0.255
0.306
0.250
0.344
0.240
0.200
0.083
0.250
0.500
0.068
0.271
0.257
0.250
0.255
0.125
0.667
0.262
0.063
0.167
0.406
0.100
0.250
0.093
0.338
0.408
0.395
0.463
0.202
0.300
0.333
0.288
0.355
0.267
0.500
0.108
0.467
0.131
0.214
0.150
0.371
0.333
0.167
0.231
0.276
0.299
1.000
0.400
0.086
0.500
0.443
0.200
0.500
0.300
0.200
0.143
0.160
0.133
0.173
0.250
0.299
0.124
0.431
0.157
0.333
0.100
0.286
0.184
0.184
0.324
0.699
0.333
0.304
0.209
0.192
0.434
0.214
0.062
0.361
0.691
0.160
0.458
0.100
0.167
0.455
0.322
0.305
0.164
0.292
0.400
0.205
0.202
0.275
0.319
0.355
0.422
0.303
0.126
0.143
0.375
0.333
0.150
0.143
0.333
0.250
0.103
0.481
0.150
0.331
0.179
0.120
0.192
0.333
0.271
0.183
0.504
0.500
0.228
1.000
0.276
0.252
0.333
0.217
0.250
0.254
0.300
0.240
0.167
0.062
0.171
0.200
0.381
0.427
0.198
0.167
0.231
0.125
0.483
0.300
0.222
0.250
0.200
0.054
0.123
0.243
0.489
0.200
0.197
0.233
1.000
0.200
0.150
0.673
0.264
0.147
0.261
0.304
0.229
0.167
0.283
1.000
0.494
0.365
0.164
1.000
0.102
0.308
0.743
0.256
0.291
0.525
0.400
0.333
0.208
0.408
1.000
0.268
0.500
0.190
0.451
1.000
0.182
0.139
0.240
0.091
0.200
0.224
0.167
0.300
0.190
0.275
0.060
0.242
0.206
0.143
0.425
0.083
0.398
0.270
0.289
0.250
0.233
0.072
0.172
0.309
0.200
0.500
0.183
0.276
0.074
0.119
0.384
0.268
0.387
0.833
0.086
0.143
1.000
0.432
0.250
0.106
0.148
0.333
0.202
0.250
0.334
0.294
0.362
0.395
0.333
0.130
0.230
0.229
0.199
0.093
0.299
0.125
0.167
0.271
0.333
0.300
0.200
0.188
0.201
0.880
0.177
0.250
0.180
0.167
0.217
0.192
0.200
0.086
0.143
0.085
0.150
0.551
0.250
0.250
0.412
0.200
0.333
0.722
0.516
0.549
1.000
0.061
0.500
0.488
0.283
0.103
0.333
0.400
0.167
0.277
0.293
1.000
0.124
1.000
0.400
0.375
0.137
0.219
0.282
0.252
0.118
0.333
0.555
0.038
0.200
0.341
0.500
0.375
0.100
0.286
0.167
0.200
0.237
0.108
0.500
0.120
0.266
0.200
0.062
0.188
0.285
0.256
0.400
0.400
0.104
0.200
0.152
0.833
0.467
0.368
0.833
0.458
0.157
0.167
0.286
0.185
0.236
0.173
0.362
0.167
0.093
0.250
0.216
0.500
0.321
0.240
0.375
1.000
0.392
0.152
0.140
0.367
0.200
0.333
0.167
0.167
0.250
0.077
0.361
0.206
0.283
0.239
0.074
0.333
0.591
0.500
0.078
0.180
0.119
0.234
0.216
0.118
0.143
0.425
0.333
0.214
0.375
0.157
0.303
0.256
0.217
0.333
0.299
0.292
0.265
0.381
0.394
0.332
0.256
0.427
0.200
0.155
0.392
0.218
0.130
0.250
0.250
0.156
0.250
0.167
0.256
0.361
0.321
0.286
0.078
0.167
0.265
0.090
0.420
0.190
0.200
0.200
0.233
0.087
0.682
0.120
0.364
0.270
0.143
0.300
0.184
0.373
0.550
0.086
0.167
0.545
0.260
0.167
0.500
0.086
0.167
0.321
0.300
0.178
0.259
0.417
0.208
0.333
0.286
0.359
0.167
1.000
0.275
0.153
0.306
0.250
0.200
0.500
0.207
0.461
0.251
0.281
0.087
0.257
1.000
0.200
0.500
0.500
0.107
0.200
0.367
0.379
0.333
0.090
0.250
0.108
0.143
0.833
0.150
0.167
0.500
0.088
0.214
0.218
0.143
0.143
0.333
0.387
1.000
0.480
0.373
0.112
0.200
0.209
0.143
0.222
0.268
0.171
0.167
0.258
0.217
0.500
0.230
0.154
0.214
0.375
0.500
0.200
0.256
0.333
0.400
0.333
0.217
0.332
0.400
0.200
0.155
0.276
0.327
0.333
0.452
0.333
0.250
0.233
0.458
0.205
0.260
0.245
0.120
0.406
0.310
0.206
0.146
0.143
0.333
0.500
0.330
0.319
0.333
0.200
0.205
0.667
0.217
0.256
0.333
0.290
0.083
0.108
0.271
0.167
0.361
0.256
0.275
0.143
0.500
0.100
0.167
0.143
0.592
0.400
0.325
0.164
0.267
0.217
0.237
0.500
0.094
0.385
0.300
0.155
0.600
1.000
0.143
0.180
0.300
0.301
0.517
0.072
0.400
0.072
0.375
0.174
0.255
0.250
0.875
0.200
0.075
0.333
0.191
0.125
0.203
0.200
0.077
0.500
0.125
0.108
0.159
0.167
0.294
0.074
0.222
0.130
0.332
0.124
0.241
0.199
0.400
0.809
0.280
0.267
0.306
0.300
0.287
0.077
0.208
0.072
0.200
0.214
0.185
0.173
0.359
0.167
0.108
0.205
0.333
0.254
1.000
0.167
0.285
0.322
0.167
0.292
0.333
0.214
0.500
0.500
0.375
0.120
1.000
0.320
0.170
0.139
0.333
0.086
0.408
0.120
0.333
0.458
0.378
0.250
0.210
0.125
0.066
0.125
0.531
0.240
0.385
0.333
0.200
0.431
0.197
0.163
0.168
0.125
0.306
0.375
0.375
0.833
0.200
0.125
0.400
1.000
0.108
0.231
0.500
0.319
0.517
1.000
0.150
0.167
0.376
0.333
1.000
0.367
0.580
0.300
0.375
0.224
0.212
0.311
0.100
0.060
0.120
0.200
0.286
0.275
0.500
0.417
0.143
0.250
0.392
0.442
0.625
0.053
0.244
0.353
0.354
0.260
0.229
0.271
0.143
0.060
0.375
0.361
0.167
0.128
0.164
0.167
0.333
0.255
0.146
0.375
0.222
0.206
0.333
0.183
0.395
0.130
0.108
0.266
0.100
0.104
0.104
0.750
0.143
0.123
0.157
0.173
0.280
0.250
1.000
0.456
0.344
0.165
0.500
0.112
0.417
0.138
0.100
0.592
0.100
0.152
0.130
0.500
0.229
0.167
0.667
0.611
0.167
0.500
1.000
0.087
0.150
0.310
0.500
0.243
1.000
1.000
0.309
0.214
0.333
0.062
0.209
0.475
0.250
0.245
1.000
0.300
0.274
0.167
0.253
0.104
0.150
0.408
0.167
0.127
0.271
0.199
0.139
0.556
0.387
0.333
0.248
0.347
0.125
0.357
0.500
0.256
0.667
0.087
0.100
0.300
0.207
0.492
0.061
0.833
0.824
0.750
0.491
0.217
0.108
0.500
0.392
0.167
0.130
0.398
0.483
0.333
0.400
0.150
0.220
0.397
0.525
0.667
0.500
0.423
0.138
0.200
0.200
0.324
0.086
1.000
0.319
0.214
0.156
0.371
0.451
0.086
0.267
0.667
0.125
0.346
0.722
0.250
0.200
0.299
0.262
0.307
0.271
0.325
0.219
0.243
0.250
0.326
0.125
0.153
0.375
0.330
0.200
0.143
0.500
0.435
0.833
0.395
0.227
0.333
0.212
0.425
0.217
0.493
0.072
0.375
0.200
0.200
0.124
1.000
0.289
0.333
0.200
0.375
0.400
1.000
0.321
0.531
0.641
0.075
0.300
0.108
0.256
0.167
0.200
0.108
0.154
0.249
0.119
0.357
0.483
0.200
0.299
0.200
0.213
0.551
0.433
0.400
0.143
0.130
0.125
0.163
0.341
0.200
0.450
0.333
0.854
0.143
0.250
0.214
0.073
0.220
1.000
0.098
0.300
0.066
0.142
0.076
0.295
0.143
0.234
0.141
0.082
0.333
0.182
0.142
0.338
0.100
0.333
0.289
0.150
0.200
0.180
0.167
0.667
0.667
0.371
0.200
0.131
0.333
0.280
0.405
0.483
0.500
0.250
0.451
0.300
0.229
0.073
0.450
0.500
1.000
0.431
0.365
0.611
0.155
0.082
0.333
0.167
0.150
0.160
0.375
0.165
0.289
0.173
0.254
0.274
0.250
0.250
0.487
0.144
0.333
0.250
0.240
0.333
0.361
0.500
0.500
0.250
0.211
0.556
0.267
0.325
0.200
0.409
0.167
0.099
1.000
0.500
0.089
0.200
0.120
0.406
0.104
0.150
0.295
0.500
0.250
0.200
0.266
0.333
0.086
0.220
0.400
0.381
0.487
0.185
0.334
0.125
0.148
0.375
0.459
0.155
0.093
0.500
0.250
0.517
0.117
0.515
0.500
0.305
0.134
0.268
0.355
0.167
0.333
0.359
0.257
0.271
0.130
0.225
0.077
0.824
0.143
0.958
0.333
0.300
0.167
0.240
0.299
0.252
0.333
0.255
0.245
0.287
0.402
0.164
0.452
0.167
0.167
0.347
0.333
0.325
0.199
0.250
0.150
0.400
0.250
0.250
0.125
0.173
0.308
0.241
0.167
0.451
0.500
0.300
0.090
0.611
0.300
0.489
0.140
0.167
0.405
0.200
0.286
0.667
0.157
0.143
0.417
0.216
0.305
0.274
0.167
0.481
0.250
0.178
0.525
0.400
0.143
0.458
0.167
0.600
0.250
0.313
0.254
0.250
0.400
0.266
0.500
0.137
0.100
0.306
0.224
0.300
1.000
0.250
0.276
0.685
0.500
0.454
0.750
0.223
0.417
0.333
0.143
0.352
0.124
0.326
0.210
0.104
0.225
0.268
0.500
0.167
0.200
0.333
0.354
0.236
0.125
0.668
0.300
0.082
0.200
0.479
0.367
0.078
0.451
0.387
0.214
0.150
0.244
0.167
0.348
0.250
0.305
0.093
0.100
0.242
0.322
0.309
0.375
0.665
0.500
0.309
0.435
0.253
0.500
0.100
0.578
0.200
0.220
0.119
0.618
0.232
0.229
0.405
0.250
0.639
0.240
0.183
0.167
0.253
0.120
0.408
0.500
0.125
0.323
0.146
0.167
1.000
0.200
0.522
0.325
0.167
0.250
0.153
0.266
0.750
0.250
0.500
0.150
0.375
0.300
0.500
0.167
0.197
0.405
0.500
0.150
0.310
0.122
0.140
0.214
0.143
0.229
0.833
0.209
0.167
0.120
0.214
0.387
0.200
0.143
0.183
0.222
0.384
0.250
0.333
0.333
0.249
0.167
0.202
0.454
0.120
0.338
0.157
0.500
0.234
0.917
0.333
0.281
0.053
0.250
0.124
0.315
0.087
0.120
0.500
0.250
0.215
1.000
0.232
0.200
0.200
0.833
0.493
0.333
0.425
0.169
0.667
0.214
0.157
0.667
0.300
0.450
0.240
0.143
0.385
0.384
0.833
0.173
0.333
0.286
0.287
0.165
0.330
0.220
0.303
0.625
0.667
0.354
0.217
0.350
0.618
0.167
0.125
0.214
0.347
0.236
0.349
0.500
0.137
0.168
0.200
0.500
0.227
0.219
0.609
0.537
0.045
0.128
0.120
0.500
0.300
0.167
0.167
0.206
0.750
0.167
0.125
0.104
0.072
0.306
0.525
0.300
0.188
0.333
0.500
0.405
0.321
0.150
1.000
0.173
0.167
0.183
0.125
0.233
0.398
0.094
0.354
0.400
0.500
0.417
0.254
0.089
0.359
0.250
0.367
0.136
0.267
0.074
0.234
0.300
0.232
0.375
0.217
0.333
0.125
0.333
0.500
0.120
0.435
0.143
0.250
0.237
0.229
1.000
0.125
0.136
0.833
0.344
0.333
0.533
0.493
0.332
0.200
0.167
0.286
0.170
0.494
0.074
0.167
0.263
0.044
0.171
0.150
0.442
0.230
0.395
0.667
0.200
0.375
0.200
1.000
0.102
0.400
0.200
0.500
0.385
0.250
0.170
0.260
0.287
0.122
0.200
0.122
0.128
0.387
0.398
0.041
0.250
0.358
0.210
0.200
1.000
0.667
0.375
0.201
0.075
0.083
0.500
0.500
0.325
0.500
0.250
0.378
0.367
0.334
0.286
0.167
0.250
0.500
0.357
0.618
0.427
0.375
0.130
0.200
0.379
0.289
0.234
0.249
0.413
0.375
0.029
0.263
0.150
0.408
0.310
0.400
0.250
0.125
0.173
0.250
0.267
0.230
0.400
0.220
0.483
0.157
0.620
0.182
0.167
0.300
0.267
0.300
0.131
0.288
0.284
0.143
0.250
0.240
0.124
0.487
0.333
0.305
0.400
0.262
0.200
0.304
0.500
0.253
0.250
0.309
0.167
0.206
0.200
0.108
0.143
0.156
0.209
0.242
0.083
0.700
0.500
0.196
0.200
0.138
0.202
0.119
0.750
0.525
0.205
0.522
0.083
0.833
0.332
0.167
0.167
0.434
0.147
0.500
0.167
0.102
0.422
0.500
0.167
0.172
0.250
0.205
0.150
0.200
0.283
0.350
0.833
0.431
0.200
0.202
0.167
0.170
0.237
0.500
0.354
0.382
0.203
0.400
0.322
0.500
0.418
0.344
0.214
0.197
0.090
0.197
0.143
0.333
0.053
0.150
0.500
0.286
0.275
0.424
0.121
1.000
0.322
0.217
0.425
0.255
0.166
0.333
0.153
0.250
0.229
0.218
0.125
0.400
0.125
0.292
0.177
0.143
0.200
0.400
0.192
0.098
0.303
0.229
0.308
0.143
0.434
0.375
0.296
0.250
0.375
0.250
0.507
0.108
0.250
0.164
1.000
0.250
0.299
0.182
0.500
0.216
0.646
0.400
0.250
1.000
0.167
0.399
0.167
0.108
0.298
0.500
0.167
0.279
0.094
0.373
0.083
0.515
0.289
0.151
0.380
0.200
0.236
0.354
0.048
0.202
0.178
0.051
0.125
0.186
0.500
0.516
0.108
0.262
0.500
0.214
0.229
0.217
0.167
0.125
0.256
0.367
0.494
0.395
0.295
0.369
0.124
0.217
0.400
0.118
0.293
0.167
0.667
0.423
0.250
0.250
0.267
0.309
0.194
0.217
0.250
0.199
0.077
0.250
0.427
0.266
0.239
0.073
0.192
0.443
0.682
0.100
0.143
0.667
0.250
0.286
0.310
0.250
0.289
0.093
0.299
0.425
1.000
0.500
0.344
0.161
0.200
0.197
0.320
0.052
0.083
0.143
0.064
0.313
0.667
0.667
0.120
0.167
0.236
0.354
0.459
0.164
0.389
0.250
1.000
0.427
0.539
0.058
0.474
0.143
0.222
0.344
0.270
0.283
0.255
0.420
0.300
0.200
0.200
0.500
0.255
0.322
0.250
0.252
0.333
0.332
0.405
0.420
1.000
0.150
0.207
0.151
0.400
1.000
0.517
0.205
0.262
0.250
0.250
0.185
0.576
0.155
0.038
0.331
0.147
0.369
0.372
0.500
1.000
0.083
0.200
0.250
0.200
0.267
0.119
0.667
1.000
0.426
0.125
0.167
0.150
0.200
0.328
0.451
0.182
0.120
0.408
0.325
0.156
0.167
0.250
0.173
0.425
0.489
0.100
0.500
0.167
0.140
0.087
0.435
0.330
0.108
0.125
0.449
0.184
0.333
0.266
0.597
0.354
0.198
0.143
0.750
0.344
0.286
0.286
0.199
0.300
0.300
0.250
0.190
1.000
0.270
1.000
0.241
0.204
0.125
0.240
0.452
0.200
0.178
0.205
0.155
0.258
0.143
0.230
0.611
0.280
0.062
0.089
0.205
0.157
0.200
0.214
1.000
0.187
0.326
0.531
0.171
0.153
0.090
0.333
0.250
0.236
0.237
0.243
0.200
0.237
0.249
0.125
0.333
0.260
0.359
0.175
0.083
0.286
0.250
0.250
0.427
0.271
1.000
0.167
0.143
0.411
0.477
0.165
1.000
0.667
0.305
0.427
0.257
0.125
0.125
0.500
0.075
0.143
0.185
0.122
0.074
0.271
0.143
0.130
0.408
0.254
0.195
0.124
0.267
0.283
0.297
0.500
0.250
0.206
0.229
0.251
0.200
0.321
0.163
0.250
0.500
0.333
0.185
0.086
0.625
0.262
0.333
0.667
0.493
0.225
0.091
0.375
0.535
0.500
0.200
1.000
0.400
0.240
0.500
0.667
0.387
0.200
0.125
0.333
0.500
0.333
0.408
0.108
0.333
0.249
0.185
0.431
0.142
0.260
0.200
0.248
0.250
0.150
0.500
0.220
0.285
1.000
0.183
0.075
0.300
0.173
0.120
0.349
0.262
0.367
0.521
0.368
0.170
0.320
0.333
0.275
0.192
0.141
0.333
0.215
0.424
0.157
0.216
0.250
0.333
0.164
0.250
0.192
0.225
0.230
0.275
0.309
0.160
0.833
0.293
0.750
0.275
0.500
0.125
0.592
0.167
0.086
0.516
0.286
0.134
0.128
0.292
0.200
0.493
0.375
0.250
0.086
0.500
0.355
0.131
0.200
0.107
0.220
0.101
0.150
0.142
0.395
0.229
0.104
0.467
0.344
0.122
0.200
0.108
0.200
0.481
0.167
0.333
1.000
0.575
0.333
0.200
0.173
0.200
0.300
0.667
0.155
0.083
0.254
0.150
0.354
0.085
0.095
0.333
0.300
0.250
0.125
1.000
0.315
0.156
0.250
0.167
0.406
0.400
0.199
0.133
0.200
0.429
0.089
0.333
0.087
0.167
0.200
0.307
0.333
0.237
0.200
0.177
0.527
0.350
0.375
0.257
0.667
0.500
0.200
0.143
0.077
0.245
0.200
0.100
0.367
0.127
0.093
0.086
0.200
0.125
0.284
0.252
0.362
0.217
0.300
0.214
0.250
0.143
0.124
0.192
0.100
0.250
0.286
0.200
0.399
0.326
0.166
0.192
0.333
0.156
0.217
0.130
0.368
0.230
0.332
0.213
0.108
0.163
0.300
0.143
0.200
0.136
0.125
1.000
0.167
0.143
0.083
0.358
0.134
0.222
0.143
0.217
0.667
0.115
0.257
0.223
0.333
0.107
0.130
0.400
0.173
0.500
0.286
0.186
0.100
0.200
0.368
0.170
0.084
1.000
0.500
0.577
0.359
0.217
0.309
0.250
0.167
0.250
0.120
0.280
0.516
0.228
0.253
0.197
0.124
0.417
0.487
0.275
0.330
0.427
0.155
0.600
0.358
0.230
0.086
0.091
0.375
0.139
0.294
0.200
0.500
0.144
0.330
1.000
0.348
0.405
0.125
0.236
0.529
0.200
0.200
0.125
0.144
0.293
0.250
0.093
0.250
0.375
0.333
0.081
0.167
0.266
0.400
0.167
0.295
0.280
0.153
0.206
1.000
0.201
0.431
0.268
0.544
0.333
0.750
0.340
0.320
0.266
0.142
0.103
0.250
0.218
0.400
0.267
0.453
0.106
0.066
0.100
0.459
0.077
0.171
0.320
0.055
0.230
0.192
0.533
0.234
0.128
0.224
0.167
0.216
0.250
0.618
0.142
0.333
0.143
0.341
0.366
0.333
0.333
0.237
0.517
0.410
0.354
0.167
0.355
0.367
0.143
0.533
0.167
0.209
0.250
0.167
0.171
0.250
0.500
0.229
0.576
0.240
0.229
0.667
0.250
0.280
1.000
0.143
0.240
0.222
0.104
0.167
0.404
0.162
0.750
0.047
0.456
0.076
0.130
0.367
0.207
0.750
0.167
0.167
0.500
0.205
0.205
0.500
0.268
0.199
0.125
0.500
0.145
0.400
0.250
0.167
0.100
0.265
0.375
0.125
0.200
0.200
0.296
0.425
0.400
0.234
0.144
0.083
0.250
0.112
0.120
0.382
0.200
0.228
0.377
0.487
0.187
0.187
0.325
0.333
0.375
0.124
0.500
0.250
0.625
0.347
0.117
0.086
0.367
0.143
0.100
0.405
0.217
0.400
0.333
0.045
0.500
0.406
0.200
0.313
0.073
0.333
0.285
0.283
0.500
0.291
0.250
0.500
0.646
0.340
0.204
0.250
0.366
0.253
0.407
0.200
0.286
0.289
0.267
0.182
0.327
0.321
0.200
0.375
0.228
0.400
0.400
0.289
0.375
0.300
0.260
0.275
0.375
0.250
0.413
0.267
0.423
0.200
0.044
0.332
0.299
1.000
0.143
0.365
0.392
0.107
0.225
0.205
0.245
0.458
0.135
0.275
0.330
0.250
0.173
0.611
0.408
0.267
0.167
0.250
0.450
0.087
0.750
0.128
0.254
0.200
0.452
0.200
0.377
0.667
0.250
0.322
0.531
0.228
0.250
0.198
0.185
0.324
0.367
0.367
0.218
0.124
0.068
0.431
0.218
0.077
0.667
0.200
0.267
0.249
0.167
0.124
0.156
